writeCommonTags: couldn't write 'track' tag to 'Podcasts/Jupiter Broadcasting/LINUX Unplugged/034 - LINUX Unplugged - Drive-By Advice.m4a' as it's not a positive integer
writeCommonTags: couldn't write 'track' tag to 'Podcasts/Jupiter Broadcasting/LINUX Unplugged/055 - LINUX Unplugged - LinuxCon 2014 Unplugged .m4a' as it's not a positive integer
writeCommonTags: couldn't write 'track' tag to 'Podcasts/Jupiter Broadcasting/LINUX Unplugged/057 - LINUX Unplugged - systemd Haters Busted.m4a' as it's not a positive integer
writeCommonTags: couldn't write 'track' tag to 'Podcasts/Jupiter Broadcasting/LINUX Unplugged/065 - LINUX Unplugged - OpenSUSE Followup.m4a' as it's not a positive integer
writeCommonTags: couldn't write 'track' tag to 'Podcasts/Jupiter Broadcasting/LINUX Unplugged/066 - LINUX Unplugged - Firefox gets Unplugged.m4a' as it's not a positive integer
writeCommonTags: couldn't write 'track' tag to 'Podcasts/Jupiter Broadcasting/LINUX Unplugged/068 - LINUX Unplugged - Linux Powered Schools.m4a' as it's not a positive integer
writeCommonTags: couldn't write 'track' tag to 'Podcasts/Jupiter Broadcasting/LINUX Unplugged/070 - LINUX Unplugged - Next Gen Fedora.m4a' as it's not a positive integer
writeCommonTags: couldn't write 'track' tag to 'Podcasts/Jupiter Broadcasting/LINUX Unplugged/071 - LINUX Unplugged - Fedora Takes the Lead.m4a' as it's not a positive integer
writeCommonTags: couldn't write 'track' tag to 'Podcasts/Jupiter Broadcasting/LINUX Unplugged/073 - LINUX Unplugged - Predicting 2015.m4a' as it's not a positive integer
writeCommonTags: couldn't write 'track' tag to 'Podcasts/Jupiter Broadcasting/LINUX Unplugged/074 - LINUX Unplugged - Proprietary Exodus.m4a' as it's not a positive integer
writeCommonTags: couldn't write 'track' tag to 'Podcasts/Jupiter Broadcasting/LINUX Unplugged/075 - LINUX Unplugged - Obviously Linux's Fault.m4a' as it's not a positive integer
writeCommonTags: couldn't write 'track' tag to 'Podcasts/Jupiter Broadcasting/LINUX Unplugged/080 - LINUX Unplugged - ARMed with Arch.m4a' as it's not a positive integer
writeCommonTags: couldn't write 'track' tag to 'Podcasts/Jupiter Broadcasting/LINUX Unplugged/081 - LINUX Unplugged - Unplugging the Past.m4a' as it's not a positive integer
writeCommonTags: couldn't write 'track' tag to 'Podcasts/Jupiter Broadcasting/LINUX Unplugged/082 - LINUX Unplugged - Ubuntu MATE Gets Legit.m4a' as it's not a positive integer
writeCommonTags: couldn't write 'track' tag to 'Podcasts/Jupiter Broadcasting/LINUX Unplugged/084 - LINUX Unplugged - On the Verge of Convergence.m4a' as it's not a positive integer
writeCommonTags: couldn't write 'track' tag to 'Podcasts/Jupiter Broadcasting/LINUX Unplugged/086 - Linux Unplugged - Evolve Your OS.m4a' as it's not a positive integer
writeCommonTags: couldn't write 'track' tag to 'Podcasts/Jupiter Broadcasting/LINUX Unplugged/088 - LINUX Unplugged - Churning Over Btrfs.m4a' as it's not a positive integer
writeCommonTags: couldn't write 'track' tag to 'Podcasts/Jupiter Broadcasting/LINUX Unplugged/090 - LINUX Unplugged - How The Fest Was Fun.m4a' as it's not a positive integer
writeCommonTags: couldn't write 'track' tag to 'Podcasts/Jupiter Broadcasting/LINUX Unplugged/091 - LINUX Unplugged - Open Source Kollaboration.m4a' as it's not a positive integer
writeCommonTags: couldn't write 'track' tag to 'Podcasts/Jupiter Broadcasting/LINUX Unplugged/309 - LINUX Unplugged - The Future is Open.m4a' as it's not a positive integer
writeCommonTags: couldn't write 'track' tag to 'Podcasts/Jupiter Broadcasting/LINUX Unplugged/318 - LINUX Unplugged - Manjaro Levels Up.m4a' as it's not a positive integer
writeCommonTags: couldn't write 'track' tag to 'Podcasts/Jupiter Broadcasting/LINUX Unplugged/034 - LINUX Unplugged - Drive-By Advice.m4a' as it's not a positive integer
writeCommonTags: couldn't write 'track' tag to 'Podcasts/Jupiter Broadcasting/LINUX Unplugged/055 - LINUX Unplugged - LinuxCon 2014 Unplugged .m4a' as it's not a positive integer
writeCommonTags: couldn't write 'track' tag to 'Podcasts/Jupiter Broadcasting/LINUX Unplugged/057 - LINUX Unplugged - systemd Haters Busted.m4a' as it's not a positive integer
writeCommonTags: couldn't write 'track' tag to 'Podcasts/Jupiter Broadcasting/LINUX Unplugged/065 - LINUX Unplugged - OpenSUSE Followup.m4a' as it's not a positive integer
writeCommonTags: couldn't write 'track' tag to 'Podcasts/Jupiter Broadcasting/LINUX Unplugged/066 - LINUX Unplugged - Firefox gets Unplugged.m4a' as it's not a positive integer
writeCommonTags: couldn't write 'track' tag to 'Podcasts/Jupiter Broadcasting/LINUX Unplugged/068 - LINUX Unplugged - Linux Powered Schools.m4a' as it's not a positive integer
writeCommonTags: couldn't write 'track' tag to 'Podcasts/Jupiter Broadcasting/LINUX Unplugged/070 - LINUX Unplugged - Next Gen Fedora.m4a' as it's not a positive integer
writeCommonTags: couldn't write 'track' tag to 'Podcasts/Jupiter Broadcasting/LINUX Unplugged/071 - LINUX Unplugged - Fedora Takes the Lead.m4a' as it's not a positive integer
writeCommonTags: couldn't write 'track' tag to 'Podcasts/Jupiter Broadcasting/LINUX Unplugged/073 - LINUX Unplugged - Predicting 2015.m4a' as it's not a positive integer
writeCommonTags: couldn't write 'track' tag to 'Podcasts/Jupiter Broadcasting/LINUX Unplugged/074 - LINUX Unplugged - Proprietary Exodus.m4a' as it's not a positive integer
writeCommonTags: couldn't write 'track' tag to 'Podcasts/Jupiter Broadcasting/LINUX Unplugged/075 - LINUX Unplugged - Obviously Linux's Fault.m4a' as it's not a positive integer
writeCommonTags: couldn't write 'track' tag to 'Podcasts/Jupiter Broadcasting/LINUX Unplugged/080 - LINUX Unplugged - ARMed with Arch.m4a' as it's not a positive integer
writeCommonTags: couldn't write 'track' tag to 'Podcasts/Jupiter Broadcasting/LINUX Unplugged/081 - LINUX Unplugged - Unplugging the Past.m4a' as it's not a positive integer
writeCommonTags: couldn't write 'track' tag to 'Podcasts/Jupiter Broadcasting/LINUX Unplugged/082 - LINUX Unplugged - Ubuntu MATE Gets Legit.m4a' as it's not a positive integer
writeCommonTags: couldn't write 'track' tag to 'Podcasts/Jupiter Broadcasting/LINUX Unplugged/084 - LINUX Unplugged - On the Verge of Convergence.m4a' as it's not a positive integer
writeCommonTags: couldn't write 'track' tag to 'Podcasts/Jupiter Broadcasting/LINUX Unplugged/086 - Linux Unplugged - Evolve Your OS.m4a' as it's not a positive integer
writeCommonTags: couldn't write 'track' tag to 'Podcasts/Jupiter Broadcasting/LINUX Unplugged/088 - LINUX Unplugged - Churning Over Btrfs.m4a' as it's not a positive integer
writeCommonTags: couldn't write 'track' tag to 'Podcasts/Jupiter Broadcasting/LINUX Unplugged/090 - LINUX Unplugged - How The Fest Was Fun.m4a' as it's not a positive integer
writeCommonTags: couldn't write 'track' tag to 'Podcasts/Jupiter Broadcasting/LINUX Unplugged/091 - LINUX Unplugged - Open Source Kollaboration.m4a' as it's not a positive integer
writeCommonTags: couldn't write 'track' tag to 'Podcasts/Jupiter Broadcasting/LINUX Unplugged/309 - LINUX Unplugged - The Future is Open.m4a' as it's not a positive integer
writeCommonTags: couldn't write 'track' tag to 'Podcasts/Jupiter Broadcasting/LINUX Unplugged/318 - LINUX Unplugged - Manjaro Levels Up.m4a' as it's not a positive integer
